{"/Users/thomascvan/Coding/SDC/Product-Overview/app.js": {"path":"/Users/thomascvan/Coding/SDC/Product-Overview/app.js","statementMap":{"0":{"start":{"line":1,"column":0},"end":{"line":1,"column":27}},"1":{"start":{"line":3,"column":16},"end":{"line":3,"column":34}},"2":{"start":{"line":4,"column":13},"end":{"line":4,"column":28}},"3":{"start":{"line":5,"column":12},"end":{"line":5,"column":21}},"4":{"start":{"line":6,"column":0},"end":{"line":8,"column":4}},"5":{"start":{"line":10,"column":67},"end":{"line":10,"column":82}},"6":{"start":{"line":11,"column":0},"end":{"line":11,"column":24}},"7":{"start":{"line":13,"column":0},"end":{"line":15,"column":2}},"8":{"start":{"line":14,"column":2},"end":{"line":14,"column":26}},"9":{"start":{"line":17,"column":0},"end":{"line":24,"column":2}},"10":{"start":{"line":18,"column":13},"end":{"line":18,"column":42}},"11":{"start":{"line":19,"column":14},"end":{"line":19,"column":44}},"12":{"start":{"line":20,"column":2},"end":{"line":23,"column":4}},"13":{"start":{"line":22,"column":4},"end":{"line":22,"column":23}},"14":{"start":{"line":26,"column":0},"end":{"line":32,"column":2}},"15":{"start":{"line":27,"column":11},"end":{"line":27,"column":42}},"16":{"start":{"line":28,"column":2},"end":{"line":31,"column":5}},"17":{"start":{"line":30,"column":4},"end":{"line":30,"column":22}},"18":{"start":{"line":34,"column":0},"end":{"line":40,"column":2}},"19":{"start":{"line":35,"column":11},"end":{"line":35,"column":42}},"20":{"start":{"line":36,"column":2},"end":{"line":39,"column":5}},"21":{"start":{"line":38,"column":4},"end":{"line":38,"column":21}},"22":{"start":{"line":42,"column":0},"end":{"line":49,"column":2}},"23":{"start":{"line":43,"column":11},"end":{"line":43,"column":42}},"24":{"start":{"line":44,"column":2},"end":{"line":48,"column":5}},"25":{"start":{"line":46,"column":4},"end":{"line":46,"column":34}},"26":{"start":{"line":47,"column":4},"end":{"line":47,"column":22}},"27":{"start":{"line":51,"column":0},"end":{"line":51,"column":21}}},"fnMap":{"0":{"name":"(anonymous_0)","decl":{"start":{"line":13,"column":13},"end":{"line":13,"column":14}},"loc":{"start":{"line":13,"column":27},"end":{"line":15,"column":1}},"line":13},"1":{"name":"(anonymous_1)","decl":{"start":{"line":17,"column":21},"end":{"line":17,"column":22}},"loc":{"start":{"line":17,"column":35},"end":{"line":24,"column":1}},"line":17},"2":{"name":"(anonymous_2)","decl":{"start":{"line":21,"column":8},"end":{"line":21,"column":9}},"loc":{"start":{"line":21,"column":20},"end":{"line":23,"column":3}},"line":21},"3":{"name":"(anonymous_3)","decl":{"start":{"line":26,"column":33},"end":{"line":26,"column":34}},"loc":{"start":{"line":26,"column":47},"end":{"line":32,"column":1}},"line":26},"4":{"name":"(anonymous_4)","decl":{"start":{"line":29,"column":8},"end":{"line":29,"column":9}},"loc":{"start":{"line":29,"column":19},"end":{"line":31,"column":3}},"line":29},"5":{"name":"(anonymous_5)","decl":{"start":{"line":34,"column":40},"end":{"line":34,"column":41}},"loc":{"start":{"line":34,"column":54},"end":{"line":40,"column":1}},"line":34},"6":{"name":"(anonymous_6)","decl":{"start":{"line":37,"column":8},"end":{"line":37,"column":9}},"loc":{"start":{"line":37,"column":18},"end":{"line":39,"column":3}},"line":37},"7":{"name":"(anonymous_7)","decl":{"start":{"line":42,"column":41},"end":{"line":42,"column":42}},"loc":{"start":{"line":42,"column":55},"end":{"line":49,"column":1}},"line":42},"8":{"name":"(anonymous_8)","decl":{"start":{"line":45,"column":8},"end":{"line":45,"column":9}},"loc":{"start":{"line":45,"column":19},"end":{"line":48,"column":3}},"line":45}},"branchMap":{"0":{"loc":{"start":{"line":18,"column":13},"end":{"line":18,"column":42}},"type":"binary-expr","locations":[{"start":{"line":18,"column":13},"end":{"line":18,"column":37}},{"start":{"line":18,"column":41},"end":{"line":18,"column":42}}],"line":18},"1":{"loc":{"start":{"line":19,"column":14},"end":{"line":19,"column":44}},"type":"binary-expr","locations":[{"start":{"line":19,"column":14},"end":{"line":19,"column":39}},{"start":{"line":19,"column":43},"end":{"line":19,"column":44}}],"line":19}},"s":{"0":1,"1":1,"2":1,"3":1,"4":1,"5":1,"6":1,"7":1,"8":1,"9":1,"10":1,"11":1,"12":1,"13":1,"14":1,"15":1,"16":1,"17":1,"18":1,"19":1,"20":1,"21":1,"22":1,"23":1,"24":1,"25":1,"26":1,"27":1},"f":{"0":1,"1":1,"2":1,"3":1,"4":1,"5":1,"6":1,"7":1,"8":1},"b":{"0":[1,1],"1":[1,1]},"_coverageSchema":"1a1c01bbd47fc00a2c39e90264f33305004495a9","hash":"8a51e30e05a845d999aba958cb5451edb20157ba"}
,"/Users/thomascvan/Coding/SDC/Product-Overview/db.js": {"path":"/Users/thomascvan/Coding/SDC/Product-Overview/db.js","statementMap":{"0":{"start":{"line":1,"column":0},"end":{"line":1,"column":27}},"1":{"start":{"line":2,"column":17},"end":{"line":2,"column":36}},"2":{"start":{"line":3,"column":0},"end":{"line":3,"column":35}},"3":{"start":{"line":5,"column":16},"end":{"line":5,"column":35}},"4":{"start":{"line":8,"column":0},"end":{"line":8,"column":57}},"5":{"start":{"line":9,"column":11},"end":{"line":9,"column":30}},"6":{"start":{"line":10,"column":0},"end":{"line":10,"column":43}},"7":{"start":{"line":10,"column":24},"end":{"line":10,"column":42}},"8":{"start":{"line":11,"column":0},"end":{"line":11,"column":61}},"9":{"start":{"line":11,"column":22},"end":{"line":11,"column":60}},"10":{"start":{"line":14,"column":22},"end":{"line":14,"column":45}},"11":{"start":{"line":15,"column":17},"end":{"line":15,"column":78}},"12":{"start":{"line":17,"column":18},"end":{"line":40,"column":1}},"13":{"start":{"line":18,"column":17},"end":{"line":18,"column":19}},"14":{"start":{"line":19,"column":17},"end":{"line":19,"column":19}},"15":{"start":{"line":20,"column":14},"end":{"line":20,"column":38}},"16":{"start":{"line":21,"column":2},"end":{"line":35,"column":3}},"17":{"start":{"line":21,"column":15},"end":{"line":21,"column":20}},"18":{"start":{"line":22,"column":4},"end":{"line":34,"column":7}},"19":{"start":{"line":24,"column":6},"end":{"line":24,"column":30}},"20":{"start":{"line":25,"column":28},"end":{"line":32,"column":7}},"21":{"start":{"line":33,"column":6},"end":{"line":33,"column":37}},"22":{"start":{"line":36,"column":2},"end":{"line":39,"column":4}},"23":{"start":{"line":38,"column":4},"end":{"line":38,"column":20}},"24":{"start":{"line":42,"column":20},"end":{"line":61,"column":1}},"25":{"start":{"line":43,"column":2},"end":{"line":60,"column":6}},"26":{"start":{"line":45,"column":6},"end":{"line":45,"column":30}},"27":{"start":{"line":46,"column":21},"end":{"line":46,"column":23}},"28":{"start":{"line":47,"column":6},"end":{"line":49,"column":8}},"29":{"start":{"line":48,"column":8},"end":{"line":48,"column":71}},"30":{"start":{"line":50,"column":28},"end":{"line":58,"column":7}},"31":{"start":{"line":59,"column":6},"end":{"line":59,"column":29}},"32":{"start":{"line":63,"column":23},"end":{"line":93,"column":1}},"33":{"start":{"line":64,"column":2},"end":{"line":92,"column":6}},"34":{"start":{"line":66,"column":6},"end":{"line":66,"column":30}},"35":{"start":{"line":67,"column":19},"end":{"line":67,"column":21}},"36":{"start":{"line":68,"column":6},"end":{"line":86,"column":8}},"37":{"start":{"line":69,"column":21},"end":{"line":69,"column":23}},"38":{"start":{"line":70,"column":8},"end":{"line":72,"column":10}},"39":{"start":{"line":71,"column":10},"end":{"line":71,"column":75}},"40":{"start":{"line":73,"column":19},"end":{"line":73,"column":21}},"41":{"start":{"line":74,"column":8},"end":{"line":76,"column":10}},"42":{"start":{"line":75,"column":10},"end":{"line":75,"column":76}},"43":{"start":{"line":77,"column":8},"end":{"line":85,"column":10}},"44":{"start":{"line":87,"column":28},"end":{"line":90,"column":7}},"45":{"start":{"line":91,"column":6},"end":{"line":91,"column":29}},"46":{"start":{"line":95,"column":17},"end":{"line":105,"column":1}},"47":{"start":{"line":96,"column":2},"end":{"line":104,"column":4}},"48":{"start":{"line":98,"column":4},"end":{"line":98,"column":28}},"49":{"start":{"line":99,"column":18},"end":{"line":99,"column":20}},"50":{"start":{"line":100,"column":4},"end":{"line":102,"column":6}},"51":{"start":{"line":101,"column":6},"end":{"line":101,"column":43}},"52":{"start":{"line":103,"column":4},"end":{"line":103,"column":19}},"53":{"start":{"line":108,"column":0},"end":{"line":108,"column":41}},"54":{"start":{"line":109,"column":0},"end":{"line":109,"column":45}},"55":{"start":{"line":110,"column":0},"end":{"line":110,"column":51}},"56":{"start":{"line":111,"column":0},"end":{"line":111,"column":39}}},"fnMap":{"0":{"name":"(anonymous_0)","decl":{"start":{"line":10,"column":15},"end":{"line":10,"column":16}},"loc":{"start":{"line":10,"column":24},"end":{"line":10,"column":42}},"line":10},"1":{"name":"(anonymous_1)","decl":{"start":{"line":11,"column":16},"end":{"line":11,"column":17}},"loc":{"start":{"line":11,"column":22},"end":{"line":11,"column":60}},"line":11},"2":{"name":"(anonymous_2)","decl":{"start":{"line":17,"column":18},"end":{"line":17,"column":19}},"loc":{"start":{"line":17,"column":35},"end":{"line":40,"column":1}},"line":17},"3":{"name":"(anonymous_3)","decl":{"start":{"line":23,"column":10},"end":{"line":23,"column":11}},"loc":{"start":{"line":23,"column":20},"end":{"line":34,"column":5}},"line":23},"4":{"name":"(anonymous_4)","decl":{"start":{"line":37,"column":8},"end":{"line":37,"column":9}},"loc":{"start":{"line":37,"column":14},"end":{"line":39,"column":3}},"line":37},"5":{"name":"(anonymous_5)","decl":{"start":{"line":42,"column":20},"end":{"line":42,"column":21}},"loc":{"start":{"line":42,"column":28},"end":{"line":61,"column":1}},"line":42},"6":{"name":"(anonymous_6)","decl":{"start":{"line":44,"column":10},"end":{"line":44,"column":11}},"loc":{"start":{"line":44,"column":20},"end":{"line":60,"column":5}},"line":44},"7":{"name":"(anonymous_7)","decl":{"start":{"line":47,"column":30},"end":{"line":47,"column":31}},"loc":{"start":{"line":47,"column":41},"end":{"line":49,"column":7}},"line":47},"8":{"name":"(anonymous_8)","decl":{"start":{"line":63,"column":23},"end":{"line":63,"column":24}},"loc":{"start":{"line":63,"column":31},"end":{"line":93,"column":1}},"line":63},"9":{"name":"(anonymous_9)","decl":{"start":{"line":65,"column":10},"end":{"line":65,"column":11}},"loc":{"start":{"line":65,"column":20},"end":{"line":92,"column":5}},"line":65},"10":{"name":"(anonymous_10)","decl":{"start":{"line":68,"column":28},"end":{"line":68,"column":29}},"loc":{"start":{"line":68,"column":37},"end":{"line":86,"column":7}},"line":68},"11":{"name":"(anonymous_11)","decl":{"start":{"line":70,"column":29},"end":{"line":70,"column":30}},"loc":{"start":{"line":70,"column":38},"end":{"line":72,"column":9}},"line":70},"12":{"name":"(anonymous_12)","decl":{"start":{"line":74,"column":27},"end":{"line":74,"column":28}},"loc":{"start":{"line":74,"column":34},"end":{"line":76,"column":9}},"line":74},"13":{"name":"(anonymous_13)","decl":{"start":{"line":95,"column":17},"end":{"line":95,"column":18}},"loc":{"start":{"line":95,"column":25},"end":{"line":105,"column":1}},"line":95},"14":{"name":"(anonymous_14)","decl":{"start":{"line":97,"column":8},"end":{"line":97,"column":9}},"loc":{"start":{"line":97,"column":18},"end":{"line":104,"column":3}},"line":97},"15":{"name":"(anonymous_15)","decl":{"start":{"line":100,"column":27},"end":{"line":100,"column":28}},"loc":{"start":{"line":100,"column":35},"end":{"line":102,"column":5}},"line":100}},"branchMap":{},"s":{"0":1,"1":1,"2":1,"3":1,"4":1,"5":1,"6":1,"7":0,"8":1,"9":1,"10":1,"11":1,"12":1,"13":1,"14":1,"15":1,"16":1,"17":1,"18":5,"19":5,"20":5,"21":5,"22":1,"23":1,"24":1,"25":1,"26":1,"27":1,"28":1,"29":4,"30":1,"31":1,"32":1,"33":1,"34":1,"35":1,"36":1,"37":3,"38":3,"39":7,"40":3,"41":3,"42":18,"43":3,"44":1,"45":1,"46":1,"47":1,"48":1,"49":1,"50":1,"51":3,"52":1,"53":1,"54":1,"55":1,"56":1},"f":{"0":0,"1":1,"2":1,"3":5,"4":1,"5":1,"6":1,"7":4,"8":1,"9":1,"10":3,"11":7,"12":18,"13":1,"14":1,"15":3},"b":{},"_coverageSchema":"1a1c01bbd47fc00a2c39e90264f33305004495a9","hash":"a5259b9092fff2f5385c542b44a924f601ae1d02"}
}
