TN:
SF:app.js
FN:13,(anonymous_0)
FN:17,(anonymous_1)
FN:21,(anonymous_2)
FN:26,(anonymous_3)
FN:29,(anonymous_4)
FN:34,(anonymous_5)
FN:37,(anonymous_6)
FN:42,(anonymous_7)
FN:45,(anonymous_8)
FNF:9
FNH:9
FNDA:1,(anonymous_0)
FNDA:1,(anonymous_1)
FNDA:1,(anonymous_2)
FNDA:1,(anonymous_3)
FNDA:1,(anonymous_4)
FNDA:1,(anonymous_5)
FNDA:1,(anonymous_6)
FNDA:1,(anonymous_7)
FNDA:1,(anonymous_8)
DA:1,1
DA:3,1
DA:4,1
DA:5,1
DA:6,1
DA:10,1
DA:11,1
DA:13,1
DA:14,1
DA:17,1
DA:18,1
DA:19,1
DA:20,1
DA:22,1
DA:26,1
DA:27,1
DA:28,1
DA:30,1
DA:34,1
DA:35,1
DA:36,1
DA:38,1
DA:42,1
DA:43,1
DA:44,1
DA:46,1
DA:47,1
DA:51,1
LF:28
LH:28
BRDA:18,0,0,1
BRDA:18,0,1,1
BRDA:19,1,0,1
BRDA:19,1,1,1
BRF:4
BRH:4
end_of_record
TN:
SF:db.js
FN:10,(anonymous_0)
FN:11,(anonymous_1)
FN:17,(anonymous_2)
FN:23,(anonymous_3)
FN:37,(anonymous_4)
FN:42,(anonymous_5)
FN:44,(anonymous_6)
FN:47,(anonymous_7)
FN:63,(anonymous_8)
FN:65,(anonymous_9)
FN:68,(anonymous_10)
FN:70,(anonymous_11)
FN:74,(anonymous_12)
FN:95,(anonymous_13)
FN:97,(anonymous_14)
FN:100,(anonymous_15)
FNF:16
FNH:15
FNDA:0,(anonymous_0)
FNDA:1,(anonymous_1)
FNDA:1,(anonymous_2)
FNDA:5,(anonymous_3)
FNDA:1,(anonymous_4)
FNDA:1,(anonymous_5)
FNDA:1,(anonymous_6)
FNDA:4,(anonymous_7)
FNDA:1,(anonymous_8)
FNDA:1,(anonymous_9)
FNDA:3,(anonymous_10)
FNDA:7,(anonymous_11)
FNDA:18,(anonymous_12)
FNDA:1,(anonymous_13)
FNDA:1,(anonymous_14)
FNDA:3,(anonymous_15)
DA:1,1
DA:2,1
DA:3,1
DA:5,1
DA:8,1
DA:9,1
DA:10,1
DA:11,1
DA:14,1
DA:15,1
DA:17,1
DA:18,1
DA:19,1
DA:20,1
DA:21,1
DA:22,5
DA:24,5
DA:25,5
DA:33,5
DA:36,1
DA:38,1
DA:42,1
DA:43,1
DA:45,1
DA:46,1
DA:47,1
DA:48,4
DA:50,1
DA:59,1
DA:63,1
DA:64,1
DA:66,1
DA:67,1
DA:68,1
DA:69,3
DA:70,3
DA:71,7
DA:73,3
DA:74,3
DA:75,18
DA:77,3
DA:87,1
DA:91,1
DA:95,1
DA:96,1
DA:98,1
DA:99,1
DA:100,1
DA:101,3
DA:103,1
DA:108,1
DA:109,1
DA:110,1
DA:111,1
LF:54
LH:54
BRF:0
BRH:0
end_of_record
